OMP: Info #212: KMP_AFFINITY: decoding x2APIC ids.
OMP: Info #210: KMP_AFFINITY: Affinity capable, using global cpuid leaf 11 info
OMP: Info #154: KMP_AFFINITY: Initial OS proc set respected: 0-15
OMP: Info #156: KMP_AFFINITY: 16 available OS procs
OMP: Info #157: KMP_AFFINITY: Uniform topology
OMP: Info #179: KMP_AFFINITY: 1 packages x 8 cores/pkg x 2 threads/core (8 total cores)
OMP: Info #214: KMP_AFFINITY: OS proc to physical thread map:
OMP: Info #171: KMP_AFFINITY: OS proc 0 maps to package 0 core 0 thread 0 
OMP: Info #171: KMP_AFFINITY: OS proc 8 maps to package 0 core 0 thread 1 
OMP: Info #171: KMP_AFFINITY: OS proc 1 maps to package 0 core 1 thread 0 
OMP: Info #171: KMP_AFFINITY: OS proc 9 maps to package 0 core 1 thread 1 
OMP: Info #171: KMP_AFFINITY: OS proc 2 maps to package 0 core 2 thread 0 
OMP: Info #171: KMP_AFFINITY: OS proc 10 maps to package 0 core 2 thread 1 
OMP: Info #171: KMP_AFFINITY: OS proc 3 maps to package 0 core 3 thread 0 
OMP: Info #171: KMP_AFFINITY: OS proc 11 maps to package 0 core 3 thread 1 
OMP: Info #171: KMP_AFFINITY: OS proc 4 maps to package 0 core 4 thread 0 
OMP: Info #171: KMP_AFFINITY: OS proc 12 maps to package 0 core 4 thread 1 
OMP: Info #171: KMP_AFFINITY: OS proc 5 maps to package 0 core 5 thread 0 
OMP: Info #171: KMP_AFFINITY: OS proc 13 maps to package 0 core 5 thread 1 
OMP: Info #171: KMP_AFFINITY: OS proc 6 maps to package 0 core 6 thread 0 
OMP: Info #171: KMP_AFFINITY: OS proc 14 maps to package 0 core 6 thread 1 
OMP: Info #171: KMP_AFFINITY: OS proc 7 maps to package 0 core 7 thread 0 
OMP: Info #171: KMP_AFFINITY: OS proc 15 maps to package 0 core 7 thread 1 
OMP: Info #250: KMP_AFFINITY: pid 23166 tid 23166 thread 0 bound to OS proc set 0
OMP: Info #250: KMP_AFFINITY: pid 23166 tid 23177 thread 1 bound to OS proc set 1
OMP: Info #250: KMP_AFFINITY: pid 23166 tid 23180 thread 4 bound to OS proc set 4
OMP: Info #250: KMP_AFFINITY: pid 23166 tid 23179 thread 3 bound to OS proc set 3
OMP: Info #250: KMP_AFFINITY: pid 23166 tid 23178 thread 2 bound to OS proc set 2
OMP: Info #250: KMP_AFFINITY: pid 23166 tid 23181 thread 5 bound to OS proc set 5
OMP: Info #250: KMP_AFFINITY: pid 23166 tid 23183 thread 7 bound to OS proc set 7
OMP: Info #250: KMP_AFFINITY: pid 23166 tid 23182 thread 6 bound to OS proc set 6
Using TensorFlow backend.
src/turn_off_conv.py:45: SettingWithCopyWarning: 
A value is trying to be set on a copy of a slice from a DataFrame

See the caveats in the documentation: http://pandas.pydata.org/pandas-docs/stable/indexing.html#indexing-view-versus-copy
  info.isPredictor[info.index.isin(predictors)] = 1 ## to know which are the predictors
WARNING:tensorflow:From /home/roi/miniconda3/envs/solar/lib/python3.7/site-packages/tensorflow/python/framework/op_def_library.py:263: colocate_with (from tensorflow.python.framework.ops) is deprecated and will be removed in a future version.
Instructions for updating:
Colocations handled automatically by placer.
Traceback (most recent call last):
  File "src/turn_off_conv.py", line 149, in <module>
    test_loss, _ = train_and_test_sensor(idx_sensor, target_sensor, n_sensors=len(predictors))
  File "src/turn_off_conv.py", line 101, in train_and_test_sensor
    model = conv1D_lon(idx_sensor, n_sensors=n_sensors)
  File "/home/roi/solar/src/utils/models.py", line 9, in conv1D_lon
    x = LocallyConnected1D(8, 7, data_format = 'channels_last', padding='valid')(xin)
  File "/home/roi/miniconda3/envs/solar/lib/python3.7/site-packages/keras/engine/base_layer.py", line 431, in __call__
    self.build(unpack_singleton(input_shapes))
  File "/home/roi/miniconda3/envs/solar/lib/python3.7/site-packages/keras/layers/local.py", line 133, in build
    constraint=self.kernel_constraint)
  File "/home/roi/miniconda3/envs/solar/lib/python3.7/site-packages/keras/legacy/interfaces.py", line 91, in wrapper
    return func(*args, **kwargs)
  File "/home/roi/miniconda3/envs/solar/lib/python3.7/site-packages/keras/engine/base_layer.py", line 252, in add_weight
    constraint=constraint)
  File "/home/roi/miniconda3/envs/solar/lib/python3.7/site-packages/keras/backend/tensorflow_backend.py", line 402, in variable
    v = tf.Variable(value, dtype=tf.as_dtype(dtype), name=name)
  File "/home/roi/miniconda3/envs/solar/lib/python3.7/site-packages/tensorflow/python/ops/variables.py", line 213, in __call__
    return cls._variable_v1_call(*args, **kwargs)
  File "/home/roi/miniconda3/envs/solar/lib/python3.7/site-packages/tensorflow/python/ops/variables.py", line 176, in _variable_v1_call
    aggregation=aggregation)
  File "/home/roi/miniconda3/envs/solar/lib/python3.7/site-packages/tensorflow/python/ops/variables.py", line 155, in <lambda>
    previous_getter = lambda **kwargs: default_variable_creator(None, **kwargs)
  File "/home/roi/miniconda3/envs/solar/lib/python3.7/site-packages/tensorflow/python/ops/variable_scope.py", line 2495, in default_variable_creator
    expected_shape=expected_shape, import_scope=import_scope)
  File "/home/roi/miniconda3/envs/solar/lib/python3.7/site-packages/tensorflow/python/ops/variables.py", line 217, in __call__
    return super(VariableMetaclass, cls).__call__(*args, **kwargs)
  File "/home/roi/miniconda3/envs/solar/lib/python3.7/site-packages/tensorflow/python/ops/variables.py", line 1395, in __init__
    constraint=constraint)
  File "/home/roi/miniconda3/envs/solar/lib/python3.7/site-packages/tensorflow/python/ops/variables.py", line 1538, in _init_from_args
    self._initial_value)
ValueError: initial_value must have a shape specified: Tensor("locally_connected1d_1/random_uniform:0", shape=(?, 7, 8), dtype=float32)
